<?xml version="1.0" encoding="utf-8" standalone="no"?>
<test-run id="0" runstate="Runnable" testcasecount="4" result="Failed" total="4" passed="3" failed="1" inconclusive="0" skipped="0" asserts="4" engine-version="3.11.1.0" clr-version="4.0.30319.42000" start-time="2020-04-28 06:39:56Z" end-time="2020-04-28 06:39:58Z" duration="1.636634">
  <command-line><![CDATA["D:\Views\ConsoleApp3\packages\NUnit.ConsoleRunner.3.11.1\tools\nunit3-console.exe" nunit3-console.exe  D:\Views\ConsoleApp3\ConsoleApp3\bin\Debug\ConsoleApp3.dll --result D:\DEVOPS_test-branches-BasicPipeline\Tools\TestRunner\Output\result.xml]]></command-line>
  <test-suite type="Assembly" id="1-1" name="nunit3-console.exe" fullname="D:\DEVOPS_test-branches-BasicPipeline\Tools\TestRunner\Output\nunit3-console.exe" testcasecount="0" runstate="NotRunnable" result="Failed" label="Invalid">
    <properties>
      <property name="_SKIPREASON" value="File not found: D:\DEVOPS_test-branches-BasicPipeline\Tools\TestRunner\Output\nunit3-console.exe" />
    </properties>
    <reason>
      <message>File not found: D:\DEVOPS_test-branches-BasicPipeline\Tools\TestRunner\Output\nunit3-console.exe</message>
    </reason>
  </test-suite>
  <test-suite type="Assembly" id="2-1006" name="ConsoleApp3.dll" fullname="D:\Views\ConsoleApp3\ConsoleApp3\bin\Debug\ConsoleApp3.dll" runstate="Runnable" testcasecount="4" result="Failed" site="Child" start-time="2020-04-28 06:39:58Z" end-time="2020-04-28 06:39:58Z" duration="0.356777" total="4" passed="3" failed="1" warnings="0" inconclusive="0" skipped="0" asserts="4">
    <environment framework-version="3.12.0.0" clr-version="4.0.30319.42000" os-version="Microsoft Windows NT 10.0.18363.0" platform="Win32NT" cwd="D:\DEVOPS_test-branches-BasicPipeline\Tools\TestRunner\Output" machine-name="LAPTOP-0R7N4S8S" user="subra" user-domain="LAPTOP-0R7N4S8S" culture="en-IN" uiculture="en-US" os-architecture="x64" />
    <settings>
      <setting name="DisposeRunners" value="True" />
      <setting name="WorkDirectory" value="D:\DEVOPS_test-branches-BasicPipeline\Tools\TestRunner\Output" />
      <setting name="ImageRuntimeVersion" value="4.0.30319" />
      <setting name="ImageTargetFrameworkName" value=".NETFramework,Version=v4.7.2" />
      <setting name="ImageRequiresX86" value="False" />
      <setting name="ImageRequiresDefaultAppDomainAssemblyResolver" value="False" />
      <setting name="RuntimeFramework" value="net-4.0" />
      <setting name="NumberOfTestWorkers" value="8" />
    </settings>
    <properties>
      <property name="_PID" value="155072" />
      <property name="_APPDOMAIN" value="domain-5b2374a7-ConsoleApp3.dll" />
    </properties>
    <failure>
      <message><![CDATA[One or more child tests had errors]]></message>
    </failure>
    <test-suite type="TestSuite" id="2-1007" name="ConsoleApp3" fullname="ConsoleApp3" runstate="Runnable" testcasecount="4" result="Failed" site="Child" start-time="2020-04-28 06:39:58Z" end-time="2020-04-28 06:39:58Z" duration="0.333544" total="4" passed="3" failed="1" warnings="0" inconclusive="0" skipped="0" asserts="4">
      <failure>
        <message><![CDATA[One or more child tests had errors]]></message>
      </failure>
      <test-suite type="TestSuite" id="2-1008" name="tests" fullname="ConsoleApp3.tests" runstate="Runnable" testcasecount="4" result="Failed" site="Child" start-time="2020-04-28 06:39:58Z" end-time="2020-04-28 06:39:58Z" duration="0.333056" total="4" passed="3" failed="1" warnings="0" inconclusive="0" skipped="0" asserts="4">
        <failure>
          <message><![CDATA[One or more child tests had errors]]></message>
        </failure>
        <test-suite type="TestFixture" id="2-1000" name="TestConsoleApp3" fullname="ConsoleApp3.tests.TestConsoleApp3" classname="ConsoleApp3.tests.TestConsoleApp3" runstate="Runnable" testcasecount="4" result="Failed" site="Child" start-time="2020-04-28 06:39:58Z" end-time="2020-04-28 06:39:58Z" duration="0.329811" total="4" passed="3" failed="1" warnings="0" inconclusive="0" skipped="0" asserts="4">
          <failure>
            <message><![CDATA[One or more child tests had errors]]></message>
          </failure>
          <test-case id="2-1005" name="TestReturnInputShallNotReturnTheInputFail" fullname="ConsoleApp3.tests.TestConsoleApp3.TestReturnInputShallNotReturnTheInputFail" methodname="TestReturnInputShallNotReturnTheInputFail" classname="ConsoleApp3.tests.TestConsoleApp3" runstate="Runnable" seed="1766106189" result="Failed" start-time="2020-04-28 06:39:58Z" end-time="2020-04-28 06:39:58Z" duration="0.314021" asserts="1">
            <failure>
              <message><![CDATA[  Expected Different Output
  String lengths are both 11. Strings differ at index 0.
  Expected: "Wrong Input"
  But was:  "Given Input"
  -----------^
]]></message>
              <stack-trace><![CDATA[   at ConsoleApp3.tests.TestConsoleApp3.TestReturnInputShallNotReturnTheInputFail() in D:\Views\ConsoleApp3\ConsoleApp3\tests\TestConsoleApp3.cs:line 52
]]></stack-trace>
            </failure>
            <output><![CDATA[Test SetUP Goes HERE!
Test SetUP TeaeDowns HERE!
]]></output>
            <assertions>
              <assertion result="Failed">
                <message><![CDATA[  Expected Different Output
  String lengths are both 11. Strings differ at index 0.
  Expected: "Wrong Input"
  But was:  "Given Input"
  -----------^
]]></message>
                <stack-trace><![CDATA[   at ConsoleApp3.tests.TestConsoleApp3.TestReturnInputShallNotReturnTheInputFail() in D:\Views\ConsoleApp3\ConsoleApp3\tests\TestConsoleApp3.cs:line 52
]]></stack-trace>
              </assertion>
            </assertions>
          </test-case>
          <test-case id="2-1004" name="TestReturnInputShallReturnTheInputPass" fullname="ConsoleApp3.tests.TestConsoleApp3.TestReturnInputShallReturnTheInputPass" methodname="TestReturnInputShallReturnTheInputPass" classname="ConsoleApp3.tests.TestConsoleApp3" runstate="Runnable" seed="1078616866" result="Passed" start-time="2020-04-28 06:39:58Z" end-time="2020-04-28 06:39:58Z" duration="0.001637" asserts="1">
            <output><![CDATA[Test SetUP Goes HERE!
Given Input
Test SetUP TeaeDowns HERE!
]]></output>
          </test-case>
          <test-suite type="ParameterizedMethod" id="2-1003" name="TestReturnInputShallReturnTheInputPass" fullname="ConsoleApp3.tests.TestConsoleApp3.TestReturnInputShallReturnTheInputPass" classname="ConsoleApp3.tests.TestConsoleApp3" runstate="Runnable" testcasecount="2" result="Passed" start-time="2020-04-28 06:39:58Z" end-time="2020-04-28 06:39:58Z" duration="0.003136" total="2" passed="2" failed="0" warnings="0" inconclusive="0" skipped="0" asserts="2">
            <test-case id="2-1001" name="TestReturnInputShallReturnTheInputPass(&quot;Hello World&quot;)" fullname="ConsoleApp3.tests.TestConsoleApp3.TestReturnInputShallReturnTheInputPass(&quot;Hello World&quot;)" methodname="TestReturnInputShallReturnTheInputPass" classname="ConsoleApp3.tests.TestConsoleApp3" runstate="Runnable" seed="186377662" result="Passed" start-time="2020-04-28 06:39:58Z" end-time="2020-04-28 06:39:58Z" duration="0.000263" asserts="1">
              <output><![CDATA[Test SetUP Goes HERE!
Hello World
Test SetUP TeaeDowns HERE!
]]></output>
            </test-case>
            <test-case id="2-1002" name="TestReturnInputShallReturnTheInputPass(&quot;Test Input&quot;)" fullname="ConsoleApp3.tests.TestConsoleApp3.TestReturnInputShallReturnTheInputPass(&quot;Test Input&quot;)" methodname="TestReturnInputShallReturnTheInputPass" classname="ConsoleApp3.tests.TestConsoleApp3" runstate="Runnable" seed="1926268455" result="Passed" start-time="2020-04-28 06:39:58Z" end-time="2020-04-28 06:39:58Z" duration="0.000058" asserts="1">
              <output><![CDATA[Test SetUP Goes HERE!
Test Input
Test SetUP TeaeDowns HERE!
]]></output>
            </test-case>
          </test-suite>
        </test-suite>
      </test-suite>
    </test-suite>
  </test-suite>
</test-run>