<?xml version="1.0" encoding="utf-8" standalone="no"?>
<test-run id="0" runstate="Runnable" testcasecount="4" result="Failed" total="4" passed="3" failed="1" inconclusive="0" skipped="0" asserts="4" engine-version="3.11.1.0" clr-version="4.0.30319.42000" start-time="2020-05-03 15:15:28Z" end-time="2020-05-03 15:15:30Z" duration="1.198265">
  <command-line><![CDATA["D:\Views\ConsoleApp3\packages\NUnit.ConsoleRunner.3.11.1\tools\nunit3-console.exe" D:\Views\ConsoleApp3\ConsoleApp3\bin\Debug\ConsoleApp3.dll --result D:\DevopsTestResults\result.xml]]></command-line>
  <test-suite type="Assembly" id="0-1006" name="ConsoleApp3.dll" fullname="D:\Views\ConsoleApp3\ConsoleApp3\bin\Debug\ConsoleApp3.dll" runstate="Runnable" testcasecount="4" result="Failed" site="Child" start-time="2020-05-03 15:15:29Z" end-time="2020-05-03 15:15:30Z" duration="0.323367" total="4" passed="3" failed="1" warnings="0" inconclusive="0" skipped="0" asserts="4">
    <environment framework-version="3.12.0.0" clr-version="4.0.30319.42000" os-version="Microsoft Windows NT 10.0.18363.0" platform="Win32NT" cwd="D:\DevopsFolder\DEVOPS_test-branches-BasicPipeline\Tools\TestRunner\Output" machine-name="LAPTOP-0R7N4S8S" user="subra" user-domain="LAPTOP-0R7N4S8S" culture="en-IN" uiculture="en-US" os-architecture="x64" />
    <settings>
      <setting name="DisposeRunners" value="True" />
      <setting name="WorkDirectory" value="D:\DevopsFolder\DEVOPS_test-branches-BasicPipeline\Tools\TestRunner\Output" />
      <setting name="ImageRuntimeVersion" value="4.0.30319" />
      <setting name="ImageTargetFrameworkName" value=".NETFramework,Version=v4.7.2" />
      <setting name="ImageRequiresX86" value="False" />
      <setting name="ImageRequiresDefaultAppDomainAssemblyResolver" value="False" />
      <setting name="RuntimeFramework" value="net-4.0" />
      <setting name="NumberOfTestWorkers" value="8" />
    </settings>
    <properties>
      <property name="_PID" value="171080" />
      <property name="_APPDOMAIN" value="domain-" />
    </properties>
    <failure>
      <message><![CDATA[One or more child tests had errors]]></message>
    </failure>
    <test-suite type="TestSuite" id="0-1007" name="ConsoleApp3" fullname="ConsoleApp3" runstate="Runnable" testcasecount="4" result="Failed" site="Child" start-time="2020-05-03 15:15:29Z" end-time="2020-05-03 15:15:30Z" duration="0.305581" total="4" passed="3" failed="1" warnings="0" inconclusive="0" skipped="0" asserts="4">
      <failure>
        <message><![CDATA[One or more child tests had errors]]></message>
      </failure>
      <test-suite type="TestSuite" id="0-1008" name="tests" fullname="ConsoleApp3.tests" runstate="Runnable" testcasecount="4" result="Failed" site="Child" start-time="2020-05-03 15:15:29Z" end-time="2020-05-03 15:15:30Z" duration="0.305180" total="4" passed="3" failed="1" warnings="0" inconclusive="0" skipped="0" asserts="4">
        <failure>
          <message><![CDATA[One or more child tests had errors]]></message>
        </failure>
        <test-suite type="TestFixture" id="0-1000" name="TestConsoleApp3" fullname="ConsoleApp3.tests.TestConsoleApp3" classname="ConsoleApp3.tests.TestConsoleApp3" runstate="Runnable" testcasecount="4" result="Failed" site="Child" start-time="2020-05-03 15:15:29Z" end-time="2020-05-03 15:15:30Z" duration="0.302446" total="4" passed="3" failed="1" warnings="0" inconclusive="0" skipped="0" asserts="4">
          <failure>
            <message><![CDATA[One or more child tests had errors]]></message>
          </failure>
          <test-case id="0-1005" name="TestReturnInputShallNotReturnTheInputFail" fullname="ConsoleApp3.tests.TestConsoleApp3.TestReturnInputShallNotReturnTheInputFail" methodname="TestReturnInputShallNotReturnTheInputFail" classname="ConsoleApp3.tests.TestConsoleApp3" runstate="Runnable" seed="933230050" result="Failed" start-time="2020-05-03 15:15:29Z" end-time="2020-05-03 15:15:30Z" duration="0.288907" asserts="1">
            <failure>
              <message><![CDATA[  Expected Different Output
  String lengths are both 11. Strings differ at index 0.
  Expected: "Wrong Input"
  But was:  "Given Input"
  -----------^
]]></message>
              <stack-trace><![CDATA[   at ConsoleApp3.tests.TestConsoleApp3.TestReturnInputShallNotReturnTheInputFail() in D:\Views\ConsoleApp3\ConsoleApp3\tests\TestConsoleApp3.cs:line 52
]]></stack-trace>
            </failure>
            <output><![CDATA[Test SetUP Goes HERE!
Test SetUP TeaeDowns HERE!
]]></output>
            <assertions>
              <assertion result="Failed">
                <message><![CDATA[  Expected Different Output
  String lengths are both 11. Strings differ at index 0.
  Expected: "Wrong Input"
  But was:  "Given Input"
  -----------^
]]></message>
                <stack-trace><![CDATA[   at ConsoleApp3.tests.TestConsoleApp3.TestReturnInputShallNotReturnTheInputFail() in D:\Views\ConsoleApp3\ConsoleApp3\tests\TestConsoleApp3.cs:line 52
]]></stack-trace>
              </assertion>
            </assertions>
          </test-case>
          <test-case id="0-1004" name="TestReturnInputShallReturnTheInputPass" fullname="ConsoleApp3.tests.TestConsoleApp3.TestReturnInputShallReturnTheInputPass" methodname="TestReturnInputShallReturnTheInputPass" classname="ConsoleApp3.tests.TestConsoleApp3" runstate="Runnable" seed="188222237" result="Passed" start-time="2020-05-03 15:15:30Z" end-time="2020-05-03 15:15:30Z" duration="0.001369" asserts="1">
            <output><![CDATA[Test SetUP Goes HERE!
Given Input
Test SetUP TeaeDowns HERE!
]]></output>
          </test-case>
          <test-suite type="ParameterizedMethod" id="0-1003" name="TestReturnInputShallReturnTheInputPass" fullname="ConsoleApp3.tests.TestConsoleApp3.TestReturnInputShallReturnTheInputPass" classname="ConsoleApp3.tests.TestConsoleApp3" runstate="Runnable" testcasecount="2" result="Passed" start-time="2020-05-03 15:15:30Z" end-time="2020-05-03 15:15:30Z" duration="0.002510" total="2" passed="2" failed="0" warnings="0" inconclusive="0" skipped="0" asserts="2">
            <test-case id="0-1001" name="TestReturnInputShallReturnTheInputPass(&quot;Hello World&quot;)" fullname="ConsoleApp3.tests.TestConsoleApp3.TestReturnInputShallReturnTheInputPass(&quot;Hello World&quot;)" methodname="TestReturnInputShallReturnTheInputPass" classname="ConsoleApp3.tests.TestConsoleApp3" runstate="Runnable" seed="136654048" result="Passed" start-time="2020-05-03 15:15:30Z" end-time="2020-05-03 15:15:30Z" duration="0.000170" asserts="1">
              <output><![CDATA[Test SetUP Goes HERE!
Hello World
Test SetUP TeaeDowns HERE!
]]></output>
            </test-case>
            <test-case id="0-1002" name="TestReturnInputShallReturnTheInputPass(&quot;Test Input&quot;)" fullname="ConsoleApp3.tests.TestConsoleApp3.TestReturnInputShallReturnTheInputPass(&quot;Test Input&quot;)" methodname="TestReturnInputShallReturnTheInputPass" classname="ConsoleApp3.tests.TestConsoleApp3" runstate="Runnable" seed="1287705514" result="Passed" start-time="2020-05-03 15:15:30Z" end-time="2020-05-03 15:15:30Z" duration="0.000039" asserts="1">
              <output><![CDATA[Test SetUP Goes HERE!
Test Input
Test SetUP TeaeDowns HERE!
]]></output>
            </test-case>
          </test-suite>
        </test-suite>
      </test-suite>
    </test-suite>
  </test-suite>
</test-run>